La génération a démarré 2018-06-22 12:03:08.
     1>Projet "E:\Librairies\biorbd\18_juin_2018\release\wrapper\matlab\S2M_rbdl.vcxproj" sur le nœud 3 (build cible(s)).
     1>InitializeBuildStatus:
         Mise à jour de l'horodatage "S2M_rbdl.dir\Release\S2M_rbdl.unsuccessfulbuild".
       CustomBuild:
         Toutes les sorties sont à jour.
       ClCompile:
         Toutes les sorties sont à jour.
       Link:
         c:\Program Files (x86)\Microsoft Visual Studio 10.0\VC\bin\x86_amd64\link.exe /ERRORREPORT:PROMPT /OUT:"E:\Librairies\biorbd\18_juin_2018\release\wrapper\matlab\Release\S2M_rbdl.mexw64" /INCREMENTAL:NO /NOLOGO "C:\Program Files\MATLAB\R2016a\extern\lib\win64\mingw64\libmx.lib" "C:\Program Files\MATLAB\R2016a\extern\lib\win64\mingw64\libmex.lib" "C:\Program Files\MATLAB\R2016a\extern\lib\win64\mingw64\libmat.lib" ..\..\Release\biorbd.lib E:\Librairies\RBDL\librbdl.lib kernel32.lib user32.lib gdi32.lib winspool.lib shell32.lib ole32.lib oleaut32.lib uuid.lib comdlg32.lib advapi32.lib /DEF:"E:/Librairies/biorbd/18_juin_2018/wrapper/matlab/Matlabdef.def" /MANIFEST /ManifestFile:"S2M_rbdl.dir\Release\S2M_rbdl.mexw64.intermediate.manifest" /MANIFESTUAC:"level='asInvoker' uiAccess='false'" /PDB:"E:/Librairies/biorbd/18_juin_2018/release/wrapper/matlab/Release/S2M_rbdl.pdb" /SUBSYSTEM:CONSOLE /TLBID:1 /DYNAMICBASE /NXCOMPAT /IMPLIB:"E:/Librairies/biorbd/18_juin_2018/release/wrapper/matlab/Release/S2M_rbdl.lib" /MACHINE:X64 /DLL S2M_rbdl.dir\Release\MexS2M_rbdl.obj  /machine:x64
            Creating library E:/Librairies/biorbd/18_juin_2018/release/wrapper/matlab/Release/S2M_rbdl.lib and object E:/Librairies/biorbd/18_juin_2018/release/wrapper/matlab/Release/S2M_rbdl.exp
         S2M_rbdl.vcxproj -> E:\Librairies\biorbd\18_juin_2018\release\wrapper\matlab\Release\S2M_rbdl.mexw64
       Manifest:
         C:\Program Files\Microsoft SDKs\Windows\v7.1\bin\mt.exe /nologo /verbose /outputresource:"E:\Librairies\biorbd\18_juin_2018\release\wrapper\matlab\Release\S2M_rbdl.mexw64;#2" /manifest S2M_rbdl.dir\Release\S2M_rbdl.mexw64.intermediate.manifest
       FinalizeBuildStatus:
         Suppression du fichier "S2M_rbdl.dir\Release\S2M_rbdl.unsuccessfulbuild".
         Mise à jour de l'horodatage "S2M_rbdl.dir\Release\S2M_rbdl.lastbuildstate".
     1>Génération du projet "E:\Librairies\biorbd\18_juin_2018\release\wrapper\matlab\S2M_rbdl.vcxproj" terminée (build cible(s)).

La génération a réussi.

Temps écoulé 00:00:05.33
